2025-01-03 19:33:10 [main] INFO  org.example.loaders.TraineeLoader - TraineeLoader: Clearing data in memory and file src/main/resources/storages/traineesTest.json
2025-01-03 19:33:10 [main] INFO  org.example.loaders.TraineeLoader - TraineeLoader: Data cleared successfully
2025-01-03 19:33:10 [main] INFO  o.e.repositories.TraineeDAOImpl - Preparing model for trainee: org.example.models.Trainee@588ab592
2025-01-03 19:33:10 [main] INFO  o.e.repositories.TraineeDAOImpl - Generate id 1 for trainee: org.example.models.Trainee@588ab592
2025-01-03 19:33:10 [main] INFO  o.e.repositories.TraineeDAOImpl - Generating username for trainee: org.example.models.Trainee@588ab592 . . .
2025-01-03 19:33:10 [main] INFO  o.e.repositories.TraineeDAOImpl - Checking if username firstName.lastName already exists: false
2025-01-03 19:33:10 [main] INFO  o.e.repositories.TraineeDAOImpl - Checking if username firstName.lastName already exists: false
2025-01-03 19:33:10 [main] INFO  o.e.repositories.TraineeDAOImpl - Generated username firstName.lastName for trainee: org.example.models.Trainee@588ab592
2025-01-03 19:33:10 [main] INFO  o.e.repositories.TraineeDAOImpl - Added new trainee: org.example.models.Trainee@588ab592
2025-01-03 19:33:10 [main] INFO  o.e.repositories.TraineeDAOImpl - Deleted trainee with id 1
2025-01-03 19:33:10 [main] WARN  o.e.repositories.TraineeDAOImpl - No trainee found with id 1
2025-01-03 19:33:10 [main] DEBUG o.s.c.a.AnnotationConfigApplicationContext - Closing org.springframework.context.annotation.AnnotationConfigApplicationContext@72f926e6, started on Fri Jan 03 19:33:10 EET 2025
2025-01-03 19:33:10 [main] INFO  org.example.loaders.TrainingLoader - TrainingLoader: PreDestroy method started . . .
2025-01-03 19:33:10 [main] INFO  org.example.loaders.TrainingLoader - TrainingLoader: Data successfully saved to file src/main/resources/storages/trainingsTest.json
2025-01-03 19:33:10 [main] INFO  org.example.loaders.TrainerLoader - TrainerLoader: PreDestroy method started...
2025-01-03 19:33:10 [main] INFO  org.example.loaders.TrainerLoader - TrainerLoader: Data successfully saved to file src/main/resources/storages/trainersTest.json
2025-01-03 19:33:10 [main] INFO  org.example.loaders.TraineeLoader - TraineeLoader: PreDestroy method started . . .
2025-01-03 19:33:10 [main] INFO  org.example.loaders.TraineeLoader - TraineeLoader: Data successfully saved to file src/main/resources/storages/traineesTest.json
2025-01-03 19:59:32 [main] INFO  org.example.loaders.TraineeLoader - TraineeLoader: Clearing data in memory and file src/main/resources/storages/traineesTest.json
2025-01-03 19:59:32 [main] INFO  org.example.loaders.TraineeLoader - TraineeLoader: Data cleared successfully
2025-01-03 19:59:32 [main] DEBUG o.s.c.a.AnnotationConfigApplicationContext - Closing org.springframework.context.annotation.AnnotationConfigApplicationContext@28eaa59a, started on Fri Jan 03 19:59:32 EET 2025
2025-01-03 19:59:32 [main] INFO  org.example.loaders.TrainingLoader - TrainingLoader: PreDestroy method started . . .
2025-01-03 19:59:32 [main] INFO  org.example.loaders.TrainingLoader - TrainingLoader: Data successfully saved to file src/main/resources/storages/trainingsTest.json
2025-01-03 19:59:32 [main] INFO  org.example.loaders.TrainerLoader - TrainerLoader: PreDestroy method started...
2025-01-03 19:59:32 [main] INFO  org.example.loaders.TrainerLoader - TrainerLoader: Data successfully saved to file src/main/resources/storages/trainersTest.json
2025-01-03 19:59:32 [main] INFO  org.example.loaders.TraineeLoader - TraineeLoader: PreDestroy method started . . .
2025-01-03 19:59:32 [main] INFO  org.example.loaders.TraineeLoader - TraineeLoader: Data successfully saved to file src/main/resources/storages/traineesTest.json
2025-01-03 19:59:33 [main] INFO  o.e.services.TraineeServiceImpl - TraineeServiceImpl initialized
2025-01-03 19:59:33 [main] INFO  o.e.services.TraineeServiceImpl - Request to add trainee: username
2025-01-03 19:59:33 [main] INFO  o.e.services.TraineeServiceImpl - Service completed action successfully
2025-01-03 19:59:33 [main] INFO  o.e.services.TraineeServiceImpl - Request to find trainee by ID: 1
2025-01-03 19:59:33 [main] INFO  o.e.services.TraineeServiceImpl - Service completed action successfully
2025-01-03 19:59:33 [main] DEBUG o.s.c.a.AnnotationConfigApplicationContext - Refreshing org.springframework.context.annotation.AnnotationConfigApplicationContext@6a2c717f
2025-01-03 19:59:33 [main] DEBUG o.s.b.f.s.DefaultListableBeanFactory - Creating shared instance of singleton bean 'org.springframework.context.annotation.internalConfigurationAnnotationProcessor'
2025-01-03 19:59:33 [main] DEBUG o.s.c.a.ClassPathBeanDefinitionScanner - Identified candidate component class: file [/Users/andriikot/IdeaProjects/Task_1_Spring_Core/target/classes/org/example/configs/Config.class]
2025-01-03 19:59:33 [main] DEBUG o.s.c.a.ClassPathBeanDefinitionScanner - Identified candidate component class: file [/Users/andriikot/IdeaProjects/Task_1_Spring_Core/target/classes/org/example/configs/LogConfig.class]
2025-01-03 19:59:33 [main] DEBUG o.s.c.a.ClassPathBeanDefinitionScanner - Identified candidate component class: file [/Users/andriikot/IdeaProjects/Task_1_Spring_Core/target/classes/org/example/loaders/TraineeLoader.class]
2025-01-03 19:59:33 [main] DEBUG o.s.c.a.ClassPathBeanDefinitionScanner - Identified candidate component class: file [/Users/andriikot/IdeaProjects/Task_1_Spring_Core/target/classes/org/example/loaders/TrainerLoader.class]
2025-01-03 19:59:33 [main] DEBUG o.s.c.a.ClassPathBeanDefinitionScanner - Identified candidate component class: file [/Users/andriikot/IdeaProjects/Task_1_Spring_Core/target/classes/org/example/loaders/TrainingLoader.class]
2025-01-03 19:59:33 [main] DEBUG o.s.c.a.ClassPathBeanDefinitionScanner - Identified candidate component class: file [/Users/andriikot/IdeaProjects/Task_1_Spring_Core/target/classes/org/example/repositories/TraineeDAOImpl.class]
2025-01-03 19:59:33 [main] DEBUG o.s.c.a.ClassPathBeanDefinitionScanner - Identified candidate component class: file [/Users/andriikot/IdeaProjects/Task_1_Spring_Core/target/classes/org/example/repositories/TrainerDAOImpl.class]
2025-01-03 19:59:33 [main] DEBUG o.s.c.a.ClassPathBeanDefinitionScanner - Identified candidate component class: file [/Users/andriikot/IdeaProjects/Task_1_Spring_Core/target/classes/org/example/repositories/TrainingDAOImpl.class]
2025-01-03 19:59:33 [main] DEBUG o.s.c.a.ClassPathBeanDefinitionScanner - Identified candidate component class: file [/Users/andriikot/IdeaProjects/Task_1_Spring_Core/target/classes/org/example/services/TraineeServiceImpl.class]
2025-01-03 19:59:33 [main] DEBUG o.s.c.a.ClassPathBeanDefinitionScanner - Identified candidate component class: file [/Users/andriikot/IdeaProjects/Task_1_Spring_Core/target/classes/org/example/services/TrainerServiceImpl.class]
2025-01-03 19:59:33 [main] DEBUG o.s.c.a.ClassPathBeanDefinitionScanner - Identified candidate component class: file [/Users/andriikot/IdeaProjects/Task_1_Spring_Core/target/classes/org/example/services/TrainingServiceImpl.class]
2025-01-03 19:59:33 [main] DEBUG o.s.c.a.ClassPathBeanDefinitionScanner - Identified candidate component class: file [/Users/andriikot/IdeaProjects/Task_1_Spring_Core/target/classes/org/example/configs/ConfigTest.class]
2025-01-03 19:59:33 [main] DEBUG o.s.c.a.ClassPathBeanDefinitionScanner - Identified candidate component class: file [/Users/andriikot/IdeaProjects/Task_1_Spring_Core/target/classes/org/example/configs/LogConfig.class]
2025-01-03 19:59:33 [main] DEBUG o.s.c.a.ClassPathBeanDefinitionScanner - Identified candidate component class: file [/Users/andriikot/IdeaProjects/Task_1_Spring_Core/target/classes/org/example/loaders/TraineeLoader.class]
2025-01-03 19:59:33 [main] DEBUG o.s.c.a.ClassPathBeanDefinitionScanner - Identified candidate component class: file [/Users/andriikot/IdeaProjects/Task_1_Spring_Core/target/classes/org/example/loaders/TrainerLoader.class]
2025-01-03 19:59:33 [main] DEBUG o.s.c.a.ClassPathBeanDefinitionScanner - Identified candidate component class: file [/Users/andriikot/IdeaProjects/Task_1_Spring_Core/target/classes/org/example/loaders/TrainingLoader.class]
2025-01-03 19:59:33 [main] DEBUG o.s.c.a.ClassPathBeanDefinitionScanner - Identified candidate component class: file [/Users/andriikot/IdeaProjects/Task_1_Spring_Core/target/classes/org/example/repositories/TraineeDAOImpl.class]
2025-01-03 19:59:33 [main] DEBUG o.s.c.a.ClassPathBeanDefinitionScanner - Identified candidate component class: file [/Users/andriikot/IdeaProjects/Task_1_Spring_Core/target/classes/org/example/repositories/TrainerDAOImpl.class]
2025-01-03 19:59:33 [main] DEBUG o.s.c.a.ClassPathBeanDefinitionScanner - Identified candidate component class: file [/Users/andriikot/IdeaProjects/Task_1_Spring_Core/target/classes/org/example/repositories/TrainingDAOImpl.class]
2025-01-03 19:59:33 [main] DEBUG o.s.c.a.ClassPathBeanDefinitionScanner - Identified candidate component class: file [/Users/andriikot/IdeaProjects/Task_1_Spring_Core/target/classes/org/example/services/TraineeServiceImpl.class]
2025-01-03 19:59:33 [main] DEBUG o.s.c.a.ClassPathBeanDefinitionScanner - Identified candidate component class: file [/Users/andriikot/IdeaProjects/Task_1_Spring_Core/target/classes/org/example/services/TrainerServiceImpl.class]
2025-01-03 19:59:33 [main] DEBUG o.s.c.a.ClassPathBeanDefinitionScanner - Identified candidate component class: file [/Users/andriikot/IdeaProjects/Task_1_Spring_Core/target/classes/org/example/services/TrainingServiceImpl.class]
2025-01-03 19:59:33 [main] DEBUG o.s.c.a.ClassPathBeanDefinitionScanner - Identified candidate component class: file [/Users/andriikot/IdeaProjects/Task_1_Spring_Core/target/classes/org/example/configs/Config.class]
2025-01-03 19:59:33 [main] DEBUG o.s.c.a.ClassPathBeanDefinitionScanner - Identified candidate component class: file [/Users/andriikot/IdeaProjects/Task_1_Spring_Core/target/classes/org/example/configs/ConfigTest.class]
2025-01-03 19:59:33 [main] DEBUG o.s.c.a.ClassPathBeanDefinitionScanner - Identified candidate component class: file [/Users/andriikot/IdeaProjects/Task_1_Spring_Core/target/classes/org/example/loaders/TraineeLoader.class]
2025-01-03 19:59:33 [main] DEBUG o.s.c.a.ClassPathBeanDefinitionScanner - Identified candidate component class: file [/Users/andriikot/IdeaProjects/Task_1_Spring_Core/target/classes/org/example/loaders/TrainerLoader.class]
2025-01-03 19:59:33 [main] DEBUG o.s.c.a.ClassPathBeanDefinitionScanner - Identified candidate component class: file [/Users/andriikot/IdeaProjects/Task_1_Spring_Core/target/classes/org/example/loaders/TrainingLoader.class]
2025-01-03 19:59:33 [main] DEBUG o.s.c.a.ClassPathBeanDefinitionScanner - Identified candidate component class: file [/Users/andriikot/IdeaProjects/Task_1_Spring_Core/target/classes/org/example/repositories/TraineeDAOImpl.class]
2025-01-03 19:59:33 [main] DEBUG o.s.c.a.ClassPathBeanDefinitionScanner - Identified candidate component class: file [/Users/andriikot/IdeaProjects/Task_1_Spring_Core/target/classes/org/example/repositories/TrainerDAOImpl.class]
2025-01-03 19:59:33 [main] DEBUG o.s.c.a.ClassPathBeanDefinitionScanner - Identified candidate component class: file [/Users/andriikot/IdeaProjects/Task_1_Spring_Core/target/classes/org/example/repositories/TrainingDAOImpl.class]
2025-01-03 19:59:33 [main] DEBUG o.s.c.a.ClassPathBeanDefinitionScanner - Identified candidate component class: file [/Users/andriikot/IdeaProjects/Task_1_Spring_Core/target/classes/org/example/services/TraineeServiceImpl.class]
2025-01-03 19:59:33 [main] DEBUG o.s.c.a.ClassPathBeanDefinitionScanner - Identified candidate component class: file [/Users/andriikot/IdeaProjects/Task_1_Spring_Core/target/classes/org/example/services/TrainerServiceImpl.class]
2025-01-03 19:59:33 [main] DEBUG o.s.c.a.ClassPathBeanDefinitionScanner - Identified candidate component class: file [/Users/andriikot/IdeaProjects/Task_1_Spring_Core/target/classes/org/example/services/TrainingServiceImpl.class]
2025-01-03 19:59:33 [main] DEBUG o.s.c.a.ClassPathBeanDefinitionScanner - Identified candidate component class: file [/Users/andriikot/IdeaProjects/Task_1_Spring_Core/target/classes/org/example/configs/Config.class]
2025-01-03 19:59:33 [main] DEBUG o.s.c.a.ClassPathBeanDefinitionScanner - Identified candidate component class: file [/Users/andriikot/IdeaProjects/Task_1_Spring_Core/target/classes/org/example/configs/ConfigTest.class]
2025-01-03 19:59:33 [main] DEBUG o.s.c.a.ClassPathBeanDefinitionScanner - Identified candidate component class: file [/Users/andriikot/IdeaProjects/Task_1_Spring_Core/target/classes/org/example/loaders/TraineeLoader.class]
2025-01-03 19:59:33 [main] DEBUG o.s.c.a.ClassPathBeanDefinitionScanner - Identified candidate component class: file [/Users/andriikot/IdeaProjects/Task_1_Spring_Core/target/classes/org/example/loaders/TrainerLoader.class]
2025-01-03 19:59:33 [main] DEBUG o.s.c.a.ClassPathBeanDefinitionScanner - Identified candidate component class: file [/Users/andriikot/IdeaProjects/Task_1_Spring_Core/target/classes/org/example/loaders/TrainingLoader.class]
2025-01-03 19:59:33 [main] DEBUG o.s.c.a.ClassPathBeanDefinitionScanner - Identified candidate component class: file [/Users/andriikot/IdeaProjects/Task_1_Spring_Core/target/classes/org/example/repositories/TraineeDAOImpl.class]
2025-01-03 19:59:33 [main] DEBUG o.s.c.a.ClassPathBeanDefinitionScanner - Identified candidate component class: file [/Users/andriikot/IdeaProjects/Task_1_Spring_Core/target/classes/org/example/repositories/TrainerDAOImpl.class]
2025-01-03 19:59:33 [main] DEBUG o.s.c.a.ClassPathBeanDefinitionScanner - Identified candidate component class: file [/Users/andriikot/IdeaProjects/Task_1_Spring_Core/target/classes/org/example/repositories/TrainingDAOImpl.class]
2025-01-03 19:59:33 [main] DEBUG o.s.c.a.ClassPathBeanDefinitionScanner - Identified candidate component class: file [/Users/andriikot/IdeaProjects/Task_1_Spring_Core/target/classes/org/example/services/TraineeServiceImpl.class]
2025-01-03 19:59:33 [main] DEBUG o.s.c.a.ClassPathBeanDefinitionScanner - Identified candidate component class: file [/Users/andriikot/IdeaProjects/Task_1_Spring_Core/target/classes/org/example/services/TrainerServiceImpl.class]
2025-01-03 19:59:33 [main] DEBUG o.s.c.a.ClassPathBeanDefinitionScanner - Identified candidate component class: file [/Users/andriikot/IdeaProjects/Task_1_Spring_Core/target/classes/org/example/services/TrainingServiceImpl.class]
2025-01-03 19:59:33 [main] DEBUG o.s.b.f.s.DefaultListableBeanFactory - Overriding bean definition for bean 'traineeStorage' with a different definition: replacing [Root bean: class=null; scope=; abstract=false; lazyInit=null; autowireMode=3; dependencyCheck=0; autowireCandidate=true; primary=false; fallback=false; factoryBeanName=config; factoryMethodName=traineeStorage; initMethodNames=null; destroyMethodNames=[(inferred)]; defined in class path resource [org/example/configs/Config.class]] with [Root bean: class=null; scope=; abstract=false; lazyInit=null; autowireMode=3; dependencyCheck=0; autowireCandidate=true; primary=false; fallback=false; factoryBeanName=configTest; factoryMethodName=traineeStorage; initMethodNames=null; destroyMethodNames=[(inferred)]; defined in org.example.configs.ConfigTest]
2025-01-03 19:59:33 [main] DEBUG o.s.b.f.s.DefaultListableBeanFactory - Overriding bean definition for bean 'trainerStorage' with a different definition: replacing [Root bean: class=null; scope=; abstract=false; lazyInit=null; autowireMode=3; dependencyCheck=0; autowireCandidate=true; primary=false; fallback=false; factoryBeanName=config; factoryMethodName=trainerStorage; initMethodNames=null; destroyMethodNames=[(inferred)]; defined in class path resource [org/example/configs/Config.class]] with [Root bean: class=null; scope=; abstract=false; lazyInit=null; autowireMode=3; dependencyCheck=0; autowireCandidate=true; primary=false; fallback=false; factoryBeanName=configTest; factoryMethodName=trainerStorage; initMethodNames=null; destroyMethodNames=[(inferred)]; defined in org.example.configs.ConfigTest]
2025-01-03 19:59:33 [main] DEBUG o.s.b.f.s.DefaultListableBeanFactory - Overriding bean definition for bean 'trainingStorage' with a different definition: replacing [Root bean: class=null; scope=; abstract=false; lazyInit=null; autowireMode=3; dependencyCheck=0; autowireCandidate=true; primary=false; fallback=false; factoryBeanName=config; factoryMethodName=trainingStorage; initMethodNames=null; destroyMethodNames=[(inferred)]; defined in class path resource [org/example/configs/Config.class]] with [Root bean: class=null; scope=; abstract=false; lazyInit=null; autowireMode=3; dependencyCheck=0; autowireCandidate=true; primary=false; fallback=false; factoryBeanName=configTest; factoryMethodName=trainingStorage; initMethodNames=null; destroyMethodNames=[(inferred)]; defined in org.example.configs.ConfigTest]
2025-01-03 19:59:33 [main] DEBUG o.s.b.f.s.DefaultListableBeanFactory - Overriding bean definition for bean 'traineesFilePath' with a different definition: replacing [Root bean: class=null; scope=; abstract=false; lazyInit=null; autowireMode=3; dependencyCheck=0; autowireCandidate=true; primary=false; fallback=false; factoryBeanName=config; factoryMethodName=traineesFilePath; initMethodNames=null; destroyMethodNames=[(inferred)]; defined in class path resource [org/example/configs/Config.class]] with [Root bean: class=null; scope=; abstract=false; lazyInit=null; autowireMode=3; dependencyCheck=0; autowireCandidate=true; primary=false; fallback=false; factoryBeanName=configTest; factoryMethodName=traineesFilePath; initMethodNames=null; destroyMethodNames=[(inferred)]; defined in org.example.configs.ConfigTest]
2025-01-03 19:59:33 [main] DEBUG o.s.b.f.s.DefaultListableBeanFactory - Overriding bean definition for bean 'trainersFilePath' with a different definition: replacing [Root bean: class=null; scope=; abstract=false; lazyInit=null; autowireMode=3; dependencyCheck=0; autowireCandidate=true; primary=false; fallback=false; factoryBeanName=config; factoryMethodName=trainersFilePath; initMethodNames=null; destroyMethodNames=[(inferred)]; defined in class path resource [org/example/configs/Config.class]] with [Root bean: class=null; scope=; abstract=false; lazyInit=null; autowireMode=3; dependencyCheck=0; autowireCandidate=true; primary=false; fallback=false; factoryBeanName=configTest; factoryMethodName=trainersFilePath; initMethodNames=null; destroyMethodNames=[(inferred)]; defined in org.example.configs.ConfigTest]
2025-01-03 19:59:33 [main] DEBUG o.s.b.f.s.DefaultListableBeanFactory - Overriding bean definition for bean 'trainingsFilePath' with a different definition: replacing [Root bean: class=null; scope=; abstract=false; lazyInit=null; autowireMode=3; dependencyCheck=0; autowireCandidate=true; primary=false; fallback=false; factoryBeanName=config; factoryMethodName=trainingsFilePath; initMethodNames=null; destroyMethodNames=[(inferred)]; defined in class path resource [org/example/configs/Config.class]] with [Root bean: class=null; scope=; abstract=false; lazyInit=null; autowireMode=3; dependencyCheck=0; autowireCandidate=true; primary=false; fallback=false; factoryBeanName=configTest; factoryMethodName=trainingsFilePath; initMethodNames=null; destroyMethodNames=[(inferred)]; defined in org.example.configs.ConfigTest]
2025-01-03 19:59:33 [main] DEBUG o.s.b.f.s.DefaultListableBeanFactory - Creating shared instance of singleton bean 'org.springframework.context.event.internalEventListenerProcessor'
2025-01-03 19:59:33 [main] DEBUG o.s.b.f.s.DefaultListableBeanFactory - Creating shared instance of singleton bean 'org.springframework.context.event.internalEventListenerFactory'
2025-01-03 19:59:33 [main] DEBUG o.s.b.f.s.DefaultListableBeanFactory - Creating shared instance of singleton bean 'org.springframework.context.annotation.internalAutowiredAnnotationProcessor'
2025-01-03 19:59:33 [main] DEBUG o.s.b.f.s.DefaultListableBeanFactory - Creating shared instance of singleton bean 'org.springframework.context.annotation.internalCommonAnnotationProcessor'
2025-01-03 19:59:33 [main] DEBUG o.s.b.f.s.DefaultListableBeanFactory - Creating shared instance of singleton bean 'configTest'
2025-01-03 19:59:33 [main] DEBUG o.s.b.f.s.DefaultListableBeanFactory - Creating shared instance of singleton bean 'config'
2025-01-03 19:59:33 [main] DEBUG o.s.b.f.s.DefaultListableBeanFactory - Creating shared instance of singleton bean 'logConfig'
2025-01-03 19:59:33 [main] DEBUG o.s.c.e.PropertySourcesPropertyResolver - Found key 'logs.file.path' in PropertySource 'class path resource [application.properties]' with value of type String
2025-01-03 19:59:33 [main] DEBUG o.s.b.f.s.DefaultListableBeanFactory - Creating shared instance of singleton bean 'traineeLoader'
2025-01-03 19:59:33 [main] DEBUG o.s.b.f.s.DefaultListableBeanFactory - Creating shared instance of singleton bean 'traineesFilePath'
2025-01-03 19:59:33 [main] DEBUG o.s.c.e.PropertySourcesPropertyResolver - Found key 'traineesTest.file.path' in PropertySource 'class path resource [applicationTest.properties]' with value of type String
2025-01-03 19:59:33 [main] DEBUG o.s.b.f.s.DefaultListableBeanFactory - Creating shared instance of singleton bean 'traineeStorage'
2025-01-03 19:59:33 [main] DEBUG o.s.b.f.s.DefaultListableBeanFactory - Autowiring by type from bean name 'traineeLoader' via constructor to bean named 'traineesFilePath'
2025-01-03 19:59:33 [main] DEBUG o.s.b.f.s.DefaultListableBeanFactory - Autowiring by type from bean name 'traineeLoader' via constructor to bean named 'traineeStorage'
2025-01-03 19:59:33 [main] INFO  org.example.loaders.TraineeLoader - TraineeLoader initialized with file src/main/resources/storages/traineesTest.json
2025-01-03 19:59:33 [main] INFO  org.example.loaders.TraineeLoader - TraineeLoader: PostConstruct initialization started . . .
2025-01-03 19:59:33 [main] INFO  org.example.loaders.TraineeLoader - TraineeLoader: PostConstruct initialization completed
2025-01-03 19:59:33 [main] DEBUG o.s.b.f.s.DefaultListableBeanFactory - Creating shared instance of singleton bean 'trainerLoader'
2025-01-03 19:59:33 [main] DEBUG o.s.b.f.s.DefaultListableBeanFactory - Creating shared instance of singleton bean 'trainersFilePath'
2025-01-03 19:59:33 [main] DEBUG o.s.c.e.PropertySourcesPropertyResolver - Found key 'trainersTest.file.path' in PropertySource 'class path resource [applicationTest.properties]' with value of type String
2025-01-03 19:59:33 [main] DEBUG o.s.b.f.s.DefaultListableBeanFactory - Creating shared instance of singleton bean 'trainerStorage'
2025-01-03 19:59:33 [main] DEBUG o.s.b.f.s.DefaultListableBeanFactory - Autowiring by type from bean name 'trainerLoader' via constructor to bean named 'trainersFilePath'
2025-01-03 19:59:33 [main] DEBUG o.s.b.f.s.DefaultListableBeanFactory - Autowiring by type from bean name 'trainerLoader' via constructor to bean named 'trainerStorage'
2025-01-03 19:59:33 [main] INFO  org.example.loaders.TrainerLoader - TrainerLoader initialized with file src/main/resources/storages/trainersTest.json
2025-01-03 19:59:33 [main] INFO  org.example.loaders.TrainerLoader - TrainerLoader: PostConstruct initialization started...
2025-01-03 19:59:33 [main] INFO  org.example.loaders.TrainerLoader - TrainerLoader: Loading data from file src/main/resources/storages/trainersTest.json
2025-01-03 19:59:33 [main] INFO  org.example.loaders.TrainerLoader - TrainerLoader: Data loaded successfully from file src/main/resources/storages/trainersTest.json
2025-01-03 19:59:33 [main] INFO  org.example.loaders.TrainerLoader - TrainerLoader: PostConstruct initialization completed
2025-01-03 19:59:33 [main] DEBUG o.s.b.f.s.DefaultListableBeanFactory - Creating shared instance of singleton bean 'trainingLoader'
2025-01-03 19:59:33 [main] DEBUG o.s.b.f.s.DefaultListableBeanFactory - Creating shared instance of singleton bean 'trainingsFilePath'
2025-01-03 19:59:33 [main] DEBUG o.s.c.e.PropertySourcesPropertyResolver - Found key 'trainingsTest.file.path' in PropertySource 'class path resource [applicationTest.properties]' with value of type String
2025-01-03 19:59:33 [main] DEBUG o.s.b.f.s.DefaultListableBeanFactory - Creating shared instance of singleton bean 'trainingStorage'
2025-01-03 19:59:33 [main] DEBUG o.s.b.f.s.DefaultListableBeanFactory - Autowiring by type from bean name 'trainingLoader' via constructor to bean named 'trainingsFilePath'
2025-01-03 19:59:33 [main] DEBUG o.s.b.f.s.DefaultListableBeanFactory - Autowiring by type from bean name 'trainingLoader' via constructor to bean named 'trainingStorage'
2025-01-03 19:59:33 [main] INFO  org.example.loaders.TrainingLoader - TrainingLoader initialized with file src/main/resources/storages/trainingsTest.json
2025-01-03 19:59:33 [main] INFO  org.example.loaders.TrainingLoader - TrainingLoader: PostConstruct initialization started . . .
2025-01-03 19:59:33 [main] INFO  org.example.loaders.TrainingLoader - TrainingLoader: Loading data from file src/main/resources/storages/trainingsTest.json
2025-01-03 19:59:33 [main] INFO  org.example.loaders.TrainingLoader - TrainingLoader: Data loaded successfully
2025-01-03 19:59:33 [main] INFO  org.example.loaders.TrainingLoader - TrainingLoader: PostConstruct initialization completed
2025-01-03 19:59:33 [main] DEBUG o.s.b.f.s.DefaultListableBeanFactory - Creating shared instance of singleton bean 'traineeDAOImpl'
2025-01-03 19:59:33 [main] DEBUG o.s.b.f.s.DefaultListableBeanFactory - Autowiring by type from bean name 'traineeDAOImpl' via constructor to bean named 'traineeStorage'
2025-01-03 19:59:33 [main] INFO  o.e.repositories.TraineeDAOImpl - TraineeDAOImpl initialized
2025-01-03 19:59:33 [main] DEBUG o.s.b.f.s.DefaultListableBeanFactory - Creating shared instance of singleton bean 'trainerDAOImpl'
2025-01-03 19:59:33 [main] DEBUG o.s.b.f.s.DefaultListableBeanFactory - Autowiring by type from bean name 'trainerDAOImpl' via constructor to bean named 'trainerStorage'
2025-01-03 19:59:33 [main] INFO  o.e.repositories.TrainerDAOImpl - TrainerDAOImpl initialized
2025-01-03 19:59:33 [main] DEBUG o.s.b.f.s.DefaultListableBeanFactory - Creating shared instance of singleton bean 'trainingDAOImpl'
2025-01-03 19:59:33 [main] DEBUG o.s.b.f.s.DefaultListableBeanFactory - Autowiring by type from bean name 'trainingDAOImpl' via constructor to bean named 'trainingStorage'
2025-01-03 19:59:33 [main] INFO  o.e.repositories.TrainingDAOImpl - TrainingDAOImpl initialized
2025-01-03 19:59:33 [main] DEBUG o.s.b.f.s.DefaultListableBeanFactory - Creating shared instance of singleton bean 'traineeServiceImpl'
2025-01-03 19:59:33 [main] DEBUG o.s.b.f.s.DefaultListableBeanFactory - Autowiring by type from bean name 'traineeServiceImpl' via constructor to bean named 'traineeDAOImpl'
2025-01-03 19:59:33 [main] INFO  o.e.services.TraineeServiceImpl - TraineeServiceImpl initialized
2025-01-03 19:59:33 [main] DEBUG o.s.b.f.s.DefaultListableBeanFactory - Creating shared instance of singleton bean 'trainerServiceImpl'
2025-01-03 19:59:33 [main] DEBUG o.s.b.f.s.DefaultListableBeanFactory - Autowiring by type from bean name 'trainerServiceImpl' via constructor to bean named 'trainerDAOImpl'
2025-01-03 19:59:33 [main] INFO  o.e.services.TrainerServiceImpl - TrainerServiceImpl initialized
2025-01-03 19:59:33 [main] DEBUG o.s.b.f.s.DefaultListableBeanFactory - Creating shared instance of singleton bean 'trainingServiceImpl'
2025-01-03 19:59:33 [main] DEBUG o.s.b.f.s.DefaultListableBeanFactory - Autowiring by type from bean name 'trainingServiceImpl' via constructor to bean named 'trainingDAOImpl'
2025-01-03 19:59:33 [main] INFO  o.e.services.TrainingServiceImpl - TrainingServiceImpl initialized
2025-01-03 19:59:33 [main] DEBUG o.s.b.f.s.DefaultListableBeanFactory - Creating shared instance of singleton bean 'rootLogger'
2025-01-03 19:59:33 [main] INFO  org.example.loaders.TraineeLoader - TraineeLoader: Clearing data in memory and file src/main/resources/storages/traineesTest.json
2025-01-03 19:59:33 [main] INFO  org.example.loaders.TraineeLoader - TraineeLoader: Clearing data in memory and file src/main/resources/storages/traineesTest.json
2025-01-03 19:59:33 [main] INFO  org.example.loaders.TraineeLoader - TraineeLoader: Data cleared successfully
2025-01-03 19:59:33 [main] INFO  org.example.loaders.TraineeLoader - TraineeLoader: Data cleared successfully
2025-01-03 19:59:33 [main] DEBUG o.s.c.a.AnnotationConfigApplicationContext - Closing org.springframework.context.annotation.AnnotationConfigApplicationContext@6a2c717f, started on Fri Jan 03 19:59:33 EET 2025
2025-01-03 19:59:33 [main] DEBUG o.s.c.a.AnnotationConfigApplicationContext - Closing org.springframework.context.annotation.AnnotationConfigApplicationContext@6a2c717f, started on Fri Jan 03 19:59:33 EET 2025
2025-01-03 19:59:33 [main] INFO  org.example.loaders.TrainingLoader - TrainingLoader: PreDestroy method started . . .
2025-01-03 19:59:33 [main] INFO  org.example.loaders.TrainingLoader - TrainingLoader: PreDestroy method started . . .
2025-01-03 19:59:33 [main] INFO  org.example.loaders.TrainingLoader - TrainingLoader: Data successfully saved to file src/main/resources/storages/trainingsTest.json
2025-01-03 19:59:33 [main] INFO  org.example.loaders.TrainingLoader - TrainingLoader: Data successfully saved to file src/main/resources/storages/trainingsTest.json
2025-01-03 19:59:33 [main] INFO  org.example.loaders.TrainerLoader - TrainerLoader: PreDestroy method started...
2025-01-03 19:59:33 [main] INFO  org.example.loaders.TrainerLoader - TrainerLoader: PreDestroy method started...
2025-01-03 19:59:33 [main] INFO  org.example.loaders.TrainerLoader - TrainerLoader: Data successfully saved to file src/main/resources/storages/trainersTest.json
2025-01-03 19:59:33 [main] INFO  org.example.loaders.TrainerLoader - TrainerLoader: Data successfully saved to file src/main/resources/storages/trainersTest.json
2025-01-03 19:59:33 [main] INFO  org.example.loaders.TraineeLoader - TraineeLoader: PreDestroy method started . . .
2025-01-03 19:59:33 [main] INFO  org.example.loaders.TraineeLoader - TraineeLoader: PreDestroy method started . . .
2025-01-03 19:59:33 [main] INFO  org.example.loaders.TraineeLoader - TraineeLoader: Data successfully saved to file src/main/resources/storages/traineesTest.json
2025-01-03 19:59:33 [main] INFO  org.example.loaders.TraineeLoader - TraineeLoader: Data successfully saved to file src/main/resources/storages/traineesTest.json
2025-01-03 19:59:33 [main] INFO  o.e.services.TraineeServiceImpl - TraineeServiceImpl initialized
2025-01-03 19:59:33 [main] INFO  o.e.services.TraineeServiceImpl - TraineeServiceImpl initialized
2025-01-03 19:59:33 [main] INFO  o.e.services.TraineeServiceImpl - Request to add trainee: username
2025-01-03 19:59:33 [main] INFO  o.e.services.TraineeServiceImpl - Request to add trainee: username
2025-01-03 19:59:33 [main] INFO  o.e.services.TraineeServiceImpl - Service completed action successfully
2025-01-03 19:59:33 [main] INFO  o.e.services.TraineeServiceImpl - Service completed action successfully
2025-01-03 19:59:33 [main] INFO  o.e.services.TraineeServiceImpl - Request to delete trainee with ID: 1
2025-01-03 19:59:33 [main] INFO  o.e.services.TraineeServiceImpl - Request to delete trainee with ID: 1
2025-01-03 19:59:33 [main] WARN  o.e.services.TraineeServiceImpl - Service completed action unsuccessfully
2025-01-03 19:59:33 [main] WARN  o.e.services.TraineeServiceImpl - Service completed action unsuccessfully
2025-01-03 19:59:33 [main] INFO  o.e.services.TraineeServiceImpl - Request to find trainee by ID: 1
2025-01-03 19:59:33 [main] INFO  o.e.services.TraineeServiceImpl - Request to find trainee by ID: 1
2025-01-03 19:59:33 [main] WARN  o.e.services.TraineeServiceImpl - Service completed action unsuccessfully
2025-01-03 19:59:33 [main] WARN  o.e.services.TraineeServiceImpl - Service completed action unsuccessfully
2025-01-03 19:59:33 [main] DEBUG o.s.c.a.AnnotationConfigApplicationContext - Refreshing org.springframework.context.annotation.AnnotationConfigApplicationContext@3cad68df
2025-01-03 19:59:33 [main] DEBUG o.s.c.a.AnnotationConfigApplicationContext - Refreshing org.springframework.context.annotation.AnnotationConfigApplicationContext@3cad68df
2025-01-03 19:59:33 [main] DEBUG o.s.b.f.s.DefaultListableBeanFactory - Creating shared instance of singleton bean 'org.springframework.context.annotation.internalConfigurationAnnotationProcessor'
2025-01-03 19:59:33 [main] DEBUG o.s.b.f.s.DefaultListableBeanFactory - Creating shared instance of singleton bean 'org.springframework.context.annotation.internalConfigurationAnnotationProcessor'
2025-01-03 19:59:33 [main] DEBUG o.s.c.a.ClassPathBeanDefinitionScanner - Identified candidate component class: file [/Users/andriikot/IdeaProjects/Task_1_Spring_Core/target/classes/org/example/configs/Config.class]
2025-01-03 19:59:33 [main] DEBUG o.s.c.a.ClassPathBeanDefinitionScanner - Identified candidate component class: file [/Users/andriikot/IdeaProjects/Task_1_Spring_Core/target/classes/org/example/configs/Config.class]
2025-01-03 19:59:33 [main] DEBUG o.s.c.a.ClassPathBeanDefinitionScanner - Identified candidate component class: file [/Users/andriikot/IdeaProjects/Task_1_Spring_Core/target/classes/org/example/configs/LogConfig.class]
2025-01-03 19:59:33 [main] DEBUG o.s.c.a.ClassPathBeanDefinitionScanner - Identified candidate component class: file [/Users/andriikot/IdeaProjects/Task_1_Spring_Core/target/classes/org/example/configs/LogConfig.class]
2025-01-03 19:59:33 [main] DEBUG o.s.c.a.ClassPathBeanDefinitionScanner - Identified candidate component class: file [/Users/andriikot/IdeaProjects/Task_1_Spring_Core/target/classes/org/example/loaders/TraineeLoader.class]
2025-01-03 19:59:33 [main] DEBUG o.s.c.a.ClassPathBeanDefinitionScanner - Identified candidate component class: file [/Users/andriikot/IdeaProjects/Task_1_Spring_Core/target/classes/org/example/loaders/TraineeLoader.class]
2025-01-03 19:59:33 [main] DEBUG o.s.c.a.ClassPathBeanDefinitionScanner - Identified candidate component class: file [/Users/andriikot/IdeaProjects/Task_1_Spring_Core/target/classes/org/example/loaders/TrainerLoader.class]
2025-01-03 19:59:33 [main] DEBUG o.s.c.a.ClassPathBeanDefinitionScanner - Identified candidate component class: file [/Users/andriikot/IdeaProjects/Task_1_Spring_Core/target/classes/org/example/loaders/TrainerLoader.class]
2025-01-03 19:59:33 [main] DEBUG o.s.c.a.ClassPathBeanDefinitionScanner - Identified candidate component class: file [/Users/andriikot/IdeaProjects/Task_1_Spring_Core/target/classes/org/example/loaders/TrainingLoader.class]
2025-01-03 19:59:33 [main] DEBUG o.s.c.a.ClassPathBeanDefinitionScanner - Identified candidate component class: file [/Users/andriikot/IdeaProjects/Task_1_Spring_Core/target/classes/org/example/loaders/TrainingLoader.class]
2025-01-03 19:59:33 [main] DEBUG o.s.c.a.ClassPathBeanDefinitionScanner - Identified candidate component class: file [/Users/andriikot/IdeaProjects/Task_1_Spring_Core/target/classes/org/example/repositories/TraineeDAOImpl.class]
2025-01-03 19:59:33 [main] DEBUG o.s.c.a.ClassPathBeanDefinitionScanner - Identified candidate component class: file [/Users/andriikot/IdeaProjects/Task_1_Spring_Core/target/classes/org/example/repositories/TraineeDAOImpl.class]
2025-01-03 19:59:33 [main] DEBUG o.s.c.a.ClassPathBeanDefinitionScanner - Identified candidate component class: file [/Users/andriikot/IdeaProjects/Task_1_Spring_Core/target/classes/org/example/repositories/TrainerDAOImpl.class]
2025-01-03 19:59:33 [main] DEBUG o.s.c.a.ClassPathBeanDefinitionScanner - Identified candidate component class: file [/Users/andriikot/IdeaProjects/Task_1_Spring_Core/target/classes/org/example/repositories/TrainerDAOImpl.class]
2025-01-03 19:59:33 [main] DEBUG o.s.c.a.ClassPathBeanDefinitionScanner - Identified candidate component class: file [/Users/andriikot/IdeaProjects/Task_1_Spring_Core/target/classes/org/example/repositories/TrainingDAOImpl.class]
2025-01-03 19:59:33 [main] DEBUG o.s.c.a.ClassPathBeanDefinitionScanner - Identified candidate component class: file [/Users/andriikot/IdeaProjects/Task_1_Spring_Core/target/classes/org/example/repositories/TrainingDAOImpl.class]
2025-01-03 19:59:33 [main] DEBUG o.s.c.a.ClassPathBeanDefinitionScanner - Identified candidate component class: file [/Users/andriikot/IdeaProjects/Task_1_Spring_Core/target/classes/org/example/services/TraineeServiceImpl.class]
2025-01-03 19:59:33 [main] DEBUG o.s.c.a.ClassPathBeanDefinitionScanner - Identified candidate component class: file [/Users/andriikot/IdeaProjects/Task_1_Spring_Core/target/classes/org/example/services/TraineeServiceImpl.class]
2025-01-03 19:59:33 [main] DEBUG o.s.c.a.ClassPathBeanDefinitionScanner - Identified candidate component class: file [/Users/andriikot/IdeaProjects/Task_1_Spring_Core/target/classes/org/example/services/TrainerServiceImpl.class]
2025-01-03 19:59:33 [main] DEBUG o.s.c.a.ClassPathBeanDefinitionScanner - Identified candidate component class: file [/Users/andriikot/IdeaProjects/Task_1_Spring_Core/target/classes/org/example/services/TrainerServiceImpl.class]
2025-01-03 19:59:33 [main] DEBUG o.s.c.a.ClassPathBeanDefinitionScanner - Identified candidate component class: file [/Users/andriikot/IdeaProjects/Task_1_Spring_Core/target/classes/org/example/services/TrainingServiceImpl.class]
2025-01-03 19:59:33 [main] DEBUG o.s.c.a.ClassPathBeanDefinitionScanner - Identified candidate component class: file [/Users/andriikot/IdeaProjects/Task_1_Spring_Core/target/classes/org/example/services/TrainingServiceImpl.class]
2025-01-03 19:59:33 [main] DEBUG o.s.c.a.ClassPathBeanDefinitionScanner - Identified candidate component class: file [/Users/andriikot/IdeaProjects/Task_1_Spring_Core/target/classes/org/example/configs/ConfigTest.class]
2025-01-03 19:59:33 [main] DEBUG o.s.c.a.ClassPathBeanDefinitionScanner - Identified candidate component class: file [/Users/andriikot/IdeaProjects/Task_1_Spring_Core/target/classes/org/example/configs/ConfigTest.class]
2025-01-03 19:59:33 [main] DEBUG o.s.c.a.ClassPathBeanDefinitionScanner - Identified candidate component class: file [/Users/andriikot/IdeaProjects/Task_1_Spring_Core/target/classes/org/example/configs/LogConfig.class]
2025-01-03 19:59:33 [main] DEBUG o.s.c.a.ClassPathBeanDefinitionScanner - Identified candidate component class: file [/Users/andriikot/IdeaProjects/Task_1_Spring_Core/target/classes/org/example/configs/LogConfig.class]
2025-01-03 19:59:33 [main] DEBUG o.s.c.a.ClassPathBeanDefinitionScanner - Identified candidate component class: file [/Users/andriikot/IdeaProjects/Task_1_Spring_Core/target/classes/org/example/loaders/TraineeLoader.class]
2025-01-03 19:59:33 [main] DEBUG o.s.c.a.ClassPathBeanDefinitionScanner - Identified candidate component class: file [/Users/andriikot/IdeaProjects/Task_1_Spring_Core/target/classes/org/example/loaders/TraineeLoader.class]
2025-01-03 19:59:33 [main] DEBUG o.s.c.a.ClassPathBeanDefinitionScanner - Identified candidate component class: file [/Users/andriikot/IdeaProjects/Task_1_Spring_Core/target/classes/org/example/loaders/TrainerLoader.class]
2025-01-03 19:59:33 [main] DEBUG o.s.c.a.ClassPathBeanDefinitionScanner - Identified candidate component class: file [/Users/andriikot/IdeaProjects/Task_1_Spring_Core/target/classes/org/example/loaders/TrainerLoader.class]
2025-01-03 19:59:33 [main] DEBUG o.s.c.a.ClassPathBeanDefinitionScanner - Identified candidate component class: file [/Users/andriikot/IdeaProjects/Task_1_Spring_Core/target/classes/org/example/loaders/TrainingLoader.class]
2025-01-03 19:59:33 [main] DEBUG o.s.c.a.ClassPathBeanDefinitionScanner - Identified candidate component class: file [/Users/andriikot/IdeaProjects/Task_1_Spring_Core/target/classes/org/example/loaders/TrainingLoader.class]
2025-01-03 19:59:33 [main] DEBUG o.s.c.a.ClassPathBeanDefinitionScanner - Identified candidate component class: file [/Users/andriikot/IdeaProjects/Task_1_Spring_Core/target/classes/org/example/repositories/TraineeDAOImpl.class]
2025-01-03 19:59:33 [main] DEBUG o.s.c.a.ClassPathBeanDefinitionScanner - Identified candidate component class: file [/Users/andriikot/IdeaProjects/Task_1_Spring_Core/target/classes/org/example/repositories/TraineeDAOImpl.class]
2025-01-03 19:59:33 [main] DEBUG o.s.c.a.ClassPathBeanDefinitionScanner - Identified candidate component class: file [/Users/andriikot/IdeaProjects/Task_1_Spring_Core/target/classes/org/example/repositories/TrainerDAOImpl.class]
2025-01-03 19:59:33 [main] DEBUG o.s.c.a.ClassPathBeanDefinitionScanner - Identified candidate component class: file [/Users/andriikot/IdeaProjects/Task_1_Spring_Core/target/classes/org/example/repositories/TrainerDAOImpl.class]
2025-01-03 19:59:33 [main] DEBUG o.s.c.a.ClassPathBeanDefinitionScanner - Identified candidate component class: file [/Users/andriikot/IdeaProjects/Task_1_Spring_Core/target/classes/org/example/repositories/TrainingDAOImpl.class]
2025-01-03 19:59:33 [main] DEBUG o.s.c.a.ClassPathBeanDefinitionScanner - Identified candidate component class: file [/Users/andriikot/IdeaProjects/Task_1_Spring_Core/target/classes/org/example/repositories/TrainingDAOImpl.class]
2025-01-03 19:59:33 [main] DEBUG o.s.c.a.ClassPathBeanDefinitionScanner - Identified candidate component class: file [/Users/andriikot/IdeaProjects/Task_1_Spring_Core/target/classes/org/example/services/TraineeServiceImpl.class]
2025-01-03 19:59:33 [main] DEBUG o.s.c.a.ClassPathBeanDefinitionScanner - Identified candidate component class: file [/Users/andriikot/IdeaProjects/Task_1_Spring_Core/target/classes/org/example/services/TraineeServiceImpl.class]
2025-01-03 19:59:33 [main] DEBUG o.s.c.a.ClassPathBeanDefinitionScanner - Identified candidate component class: file [/Users/andriikot/IdeaProjects/Task_1_Spring_Core/target/classes/org/example/services/TrainerServiceImpl.class]
2025-01-03 19:59:33 [main] DEBUG o.s.c.a.ClassPathBeanDefinitionScanner - Identified candidate component class: file [/Users/andriikot/IdeaProjects/Task_1_Spring_Core/target/classes/org/example/services/TrainerServiceImpl.class]
2025-01-03 19:59:33 [main] DEBUG o.s.c.a.ClassPathBeanDefinitionScanner - Identified candidate component class: file [/Users/andriikot/IdeaProjects/Task_1_Spring_Core/target/classes/org/example/services/TrainingServiceImpl.class]
2025-01-03 19:59:33 [main] DEBUG o.s.c.a.ClassPathBeanDefinitionScanner - Identified candidate component class: file [/Users/andriikot/IdeaProjects/Task_1_Spring_Core/target/classes/org/example/services/TrainingServiceImpl.class]
2025-01-03 19:59:33 [main] DEBUG o.s.c.a.ClassPathBeanDefinitionScanner - Identified candidate component class: file [/Users/andriikot/IdeaProjects/Task_1_Spring_Core/target/classes/org/example/configs/Config.class]
2025-01-03 19:59:33 [main] DEBUG o.s.c.a.ClassPathBeanDefinitionScanner - Identified candidate component class: file [/Users/andriikot/IdeaProjects/Task_1_Spring_Core/target/classes/org/example/configs/Config.class]
2025-01-03 19:59:33 [main] DEBUG o.s.c.a.ClassPathBeanDefinitionScanner - Identified candidate component class: file [/Users/andriikot/IdeaProjects/Task_1_Spring_Core/target/classes/org/example/configs/ConfigTest.class]
2025-01-03 19:59:33 [main] DEBUG o.s.c.a.ClassPathBeanDefinitionScanner - Identified candidate component class: file [/Users/andriikot/IdeaProjects/Task_1_Spring_Core/target/classes/org/example/configs/ConfigTest.class]
2025-01-03 19:59:33 [main] DEBUG o.s.c.a.ClassPathBeanDefinitionScanner - Identified candidate component class: file [/Users/andriikot/IdeaProjects/Task_1_Spring_Core/target/classes/org/example/loaders/TraineeLoader.class]
2025-01-03 19:59:33 [main] DEBUG o.s.c.a.ClassPathBeanDefinitionScanner - Identified candidate component class: file [/Users/andriikot/IdeaProjects/Task_1_Spring_Core/target/classes/org/example/loaders/TraineeLoader.class]
2025-01-03 19:59:33 [main] DEBUG o.s.c.a.ClassPathBeanDefinitionScanner - Identified candidate component class: file [/Users/andriikot/IdeaProjects/Task_1_Spring_Core/target/classes/org/example/loaders/TrainerLoader.class]
2025-01-03 19:59:33 [main] DEBUG o.s.c.a.ClassPathBeanDefinitionScanner - Identified candidate component class: file [/Users/andriikot/IdeaProjects/Task_1_Spring_Core/target/classes/org/example/loaders/TrainerLoader.class]
2025-01-03 19:59:33 [main] DEBUG o.s.c.a.ClassPathBeanDefinitionScanner - Identified candidate component class: file [/Users/andriikot/IdeaProjects/Task_1_Spring_Core/target/classes/org/example/loaders/TrainingLoader.class]
2025-01-03 19:59:33 [main] DEBUG o.s.c.a.ClassPathBeanDefinitionScanner - Identified candidate component class: file [/Users/andriikot/IdeaProjects/Task_1_Spring_Core/target/classes/org/example/loaders/TrainingLoader.class]
2025-01-03 19:59:33 [main] DEBUG o.s.c.a.ClassPathBeanDefinitionScanner - Identified candidate component class: file [/Users/andriikot/IdeaProjects/Task_1_Spring_Core/target/classes/org/example/repositories/TraineeDAOImpl.class]
2025-01-03 19:59:33 [main] DEBUG o.s.c.a.ClassPathBeanDefinitionScanner - Identified candidate component class: file [/Users/andriikot/IdeaProjects/Task_1_Spring_Core/target/classes/org/example/repositories/TraineeDAOImpl.class]
2025-01-03 19:59:33 [main] DEBUG o.s.c.a.ClassPathBeanDefinitionScanner - Identified candidate component class: file [/Users/andriikot/IdeaProjects/Task_1_Spring_Core/target/classes/org/example/repositories/TrainerDAOImpl.class]
2025-01-03 19:59:33 [main] DEBUG o.s.c.a.ClassPathBeanDefinitionScanner - Identified candidate component class: file [/Users/andriikot/IdeaProjects/Task_1_Spring_Core/target/classes/org/example/repositories/TrainerDAOImpl.class]
2025-01-03 19:59:33 [main] DEBUG o.s.c.a.ClassPathBeanDefinitionScanner - Identified candidate component class: file [/Users/andriikot/IdeaProjects/Task_1_Spring_Core/target/classes/org/example/repositories/TrainingDAOImpl.class]
2025-01-03 19:59:33 [main] DEBUG o.s.c.a.ClassPathBeanDefinitionScanner - Identified candidate component class: file [/Users/andriikot/IdeaProjects/Task_1_Spring_Core/target/classes/org/example/repositories/TrainingDAOImpl.class]
2025-01-03 19:59:33 [main] DEBUG o.s.c.a.ClassPathBeanDefinitionScanner - Identified candidate component class: file [/Users/andriikot/IdeaProjects/Task_1_Spring_Core/target/classes/org/example/services/TraineeServiceImpl.class]
2025-01-03 19:59:33 [main] DEBUG o.s.c.a.ClassPathBeanDefinitionScanner - Identified candidate component class: file [/Users/andriikot/IdeaProjects/Task_1_Spring_Core/target/classes/org/example/services/TraineeServiceImpl.class]
2025-01-03 19:59:33 [main] DEBUG o.s.c.a.ClassPathBeanDefinitionScanner - Identified candidate component class: file [/Users/andriikot/IdeaProjects/Task_1_Spring_Core/target/classes/org/example/services/TrainerServiceImpl.class]
2025-01-03 19:59:33 [main] DEBUG o.s.c.a.ClassPathBeanDefinitionScanner - Identified candidate component class: file [/Users/andriikot/IdeaProjects/Task_1_Spring_Core/target/classes/org/example/services/TrainerServiceImpl.class]
2025-01-03 19:59:33 [main] DEBUG o.s.c.a.ClassPathBeanDefinitionScanner - Identified candidate component class: file [/Users/andriikot/IdeaProjects/Task_1_Spring_Core/target/classes/org/example/services/TrainingServiceImpl.class]
2025-01-03 19:59:33 [main] DEBUG o.s.c.a.ClassPathBeanDefinitionScanner - Identified candidate component class: file [/Users/andriikot/IdeaProjects/Task_1_Spring_Core/target/classes/org/example/services/TrainingServiceImpl.class]
2025-01-03 19:59:33 [main] DEBUG o.s.c.a.ClassPathBeanDefinitionScanner - Identified candidate component class: file [/Users/andriikot/IdeaProjects/Task_1_Spring_Core/target/classes/org/example/configs/Config.class]
2025-01-03 19:59:33 [main] DEBUG o.s.c.a.ClassPathBeanDefinitionScanner - Identified candidate component class: file [/Users/andriikot/IdeaProjects/Task_1_Spring_Core/target/classes/org/example/configs/Config.class]
2025-01-03 19:59:33 [main] DEBUG o.s.c.a.ClassPathBeanDefinitionScanner - Identified candidate component class: file [/Users/andriikot/IdeaProjects/Task_1_Spring_Core/target/classes/org/example/configs/ConfigTest.class]
2025-01-03 19:59:33 [main] DEBUG o.s.c.a.ClassPathBeanDefinitionScanner - Identified candidate component class: file [/Users/andriikot/IdeaProjects/Task_1_Spring_Core/target/classes/org/example/configs/ConfigTest.class]
2025-01-03 19:59:33 [main] DEBUG o.s.c.a.ClassPathBeanDefinitionScanner - Identified candidate component class: file [/Users/andriikot/IdeaProjects/Task_1_Spring_Core/target/classes/org/example/loaders/TraineeLoader.class]
2025-01-03 19:59:33 [main] DEBUG o.s.c.a.ClassPathBeanDefinitionScanner - Identified candidate component class: file [/Users/andriikot/IdeaProjects/Task_1_Spring_Core/target/classes/org/example/loaders/TraineeLoader.class]
2025-01-03 19:59:33 [main] DEBUG o.s.c.a.ClassPathBeanDefinitionScanner - Identified candidate component class: file [/Users/andriikot/IdeaProjects/Task_1_Spring_Core/target/classes/org/example/loaders/TrainerLoader.class]
2025-01-03 19:59:33 [main] DEBUG o.s.c.a.ClassPathBeanDefinitionScanner - Identified candidate component class: file [/Users/andriikot/IdeaProjects/Task_1_Spring_Core/target/classes/org/example/loaders/TrainerLoader.class]
2025-01-03 19:59:33 [main] DEBUG o.s.c.a.ClassPathBeanDefinitionScanner - Identified candidate component class: file [/Users/andriikot/IdeaProjects/Task_1_Spring_Core/target/classes/org/example/loaders/TrainingLoader.class]
2025-01-03 19:59:33 [main] DEBUG o.s.c.a.ClassPathBeanDefinitionScanner - Identified candidate component class: file [/Users/andriikot/IdeaProjects/Task_1_Spring_Core/target/classes/org/example/loaders/TrainingLoader.class]
2025-01-03 19:59:33 [main] DEBUG o.s.c.a.ClassPathBeanDefinitionScanner - Identified candidate component class: file [/Users/andriikot/IdeaProjects/Task_1_Spring_Core/target/classes/org/example/repositories/TraineeDAOImpl.class]
2025-01-03 19:59:33 [main] DEBUG o.s.c.a.ClassPathBeanDefinitionScanner - Identified candidate component class: file [/Users/andriikot/IdeaProjects/Task_1_Spring_Core/target/classes/org/example/repositories/TraineeDAOImpl.class]
2025-01-03 19:59:33 [main] DEBUG o.s.c.a.ClassPathBeanDefinitionScanner - Identified candidate component class: file [/Users/andriikot/IdeaProjects/Task_1_Spring_Core/target/classes/org/example/repositories/TrainerDAOImpl.class]
2025-01-03 19:59:33 [main] DEBUG o.s.c.a.ClassPathBeanDefinitionScanner - Identified candidate component class: file [/Users/andriikot/IdeaProjects/Task_1_Spring_Core/target/classes/org/example/repositories/TrainerDAOImpl.class]
2025-01-03 19:59:33 [main] DEBUG o.s.c.a.ClassPathBeanDefinitionScanner - Identified candidate component class: file [/Users/andriikot/IdeaProjects/Task_1_Spring_Core/target/classes/org/example/repositories/TrainingDAOImpl.class]
2025-01-03 19:59:33 [main] DEBUG o.s.c.a.ClassPathBeanDefinitionScanner - Identified candidate component class: file [/Users/andriikot/IdeaProjects/Task_1_Spring_Core/target/classes/org/example/repositories/TrainingDAOImpl.class]
2025-01-03 19:59:33 [main] DEBUG o.s.c.a.ClassPathBeanDefinitionScanner - Identified candidate component class: file [/Users/andriikot/IdeaProjects/Task_1_Spring_Core/target/classes/org/example/services/TraineeServiceImpl.class]
2025-01-03 19:59:33 [main] DEBUG o.s.c.a.ClassPathBeanDefinitionScanner - Identified candidate component class: file [/Users/andriikot/IdeaProjects/Task_1_Spring_Core/target/classes/org/example/services/TraineeServiceImpl.class]
2025-01-03 19:59:33 [main] DEBUG o.s.c.a.ClassPathBeanDefinitionScanner - Identified candidate component class: file [/Users/andriikot/IdeaProjects/Task_1_Spring_Core/target/classes/org/example/services/TrainerServiceImpl.class]
2025-01-03 19:59:33 [main] DEBUG o.s.c.a.ClassPathBeanDefinitionScanner - Identified candidate component class: file [/Users/andriikot/IdeaProjects/Task_1_Spring_Core/target/classes/org/example/services/TrainerServiceImpl.class]
2025-01-03 19:59:33 [main] DEBUG o.s.c.a.ClassPathBeanDefinitionScanner - Identified candidate component class: file [/Users/andriikot/IdeaProjects/Task_1_Spring_Core/target/classes/org/example/services/TrainingServiceImpl.class]
2025-01-03 19:59:33 [main] DEBUG o.s.c.a.ClassPathBeanDefinitionScanner - Identified candidate component class: file [/Users/andriikot/IdeaProjects/Task_1_Spring_Core/target/classes/org/example/services/TrainingServiceImpl.class]
2025-01-03 19:59:33 [main] DEBUG o.s.b.f.s.DefaultListableBeanFactory - Overriding bean definition for bean 'traineeStorage' with a different definition: replacing [Root bean: class=null; scope=; abstract=false; lazyInit=null; autowireMode=3; dependencyCheck=0; autowireCandidate=true; primary=false; fallback=false; factoryBeanName=config; factoryMethodName=traineeStorage; initMethodNames=null; destroyMethodNames=[(inferred)]; defined in class path resource [org/example/configs/Config.class]] with [Root bean: class=null; scope=; abstract=false; lazyInit=null; autowireMode=3; dependencyCheck=0; autowireCandidate=true; primary=false; fallback=false; factoryBeanName=configTest; factoryMethodName=traineeStorage; initMethodNames=null; destroyMethodNames=[(inferred)]; defined in org.example.configs.ConfigTest]
2025-01-03 19:59:33 [main] DEBUG o.s.b.f.s.DefaultListableBeanFactory - Overriding bean definition for bean 'traineeStorage' with a different definition: replacing [Root bean: class=null; scope=; abstract=false; lazyInit=null; autowireMode=3; dependencyCheck=0; autowireCandidate=true; primary=false; fallback=false; factoryBeanName=config; factoryMethodName=traineeStorage; initMethodNames=null; destroyMethodNames=[(inferred)]; defined in class path resource [org/example/configs/Config.class]] with [Root bean: class=null; scope=; abstract=false; lazyInit=null; autowireMode=3; dependencyCheck=0; autowireCandidate=true; primary=false; fallback=false; factoryBeanName=configTest; factoryMethodName=traineeStorage; initMethodNames=null; destroyMethodNames=[(inferred)]; defined in org.example.configs.ConfigTest]
2025-01-03 19:59:33 [main] DEBUG o.s.b.f.s.DefaultListableBeanFactory - Overriding bean definition for bean 'trainerStorage' with a different definition: replacing [Root bean: class=null; scope=; abstract=false; lazyInit=null; autowireMode=3; dependencyCheck=0; autowireCandidate=true; primary=false; fallback=false; factoryBeanName=config; factoryMethodName=trainerStorage; initMethodNames=null; destroyMethodNames=[(inferred)]; defined in class path resource [org/example/configs/Config.class]] with [Root bean: class=null; scope=; abstract=false; lazyInit=null; autowireMode=3; dependencyCheck=0; autowireCandidate=true; primary=false; fallback=false; factoryBeanName=configTest; factoryMethodName=trainerStorage; initMethodNames=null; destroyMethodNames=[(inferred)]; defined in org.example.configs.ConfigTest]
2025-01-03 19:59:33 [main] DEBUG o.s.b.f.s.DefaultListableBeanFactory - Overriding bean definition for bean 'trainerStorage' with a different definition: replacing [Root bean: class=null; scope=; abstract=false; lazyInit=null; autowireMode=3; dependencyCheck=0; autowireCandidate=true; primary=false; fallback=false; factoryBeanName=config; factoryMethodName=trainerStorage; initMethodNames=null; destroyMethodNames=[(inferred)]; defined in class path resource [org/example/configs/Config.class]] with [Root bean: class=null; scope=; abstract=false; lazyInit=null; autowireMode=3; dependencyCheck=0; autowireCandidate=true; primary=false; fallback=false; factoryBeanName=configTest; factoryMethodName=trainerStorage; initMethodNames=null; destroyMethodNames=[(inferred)]; defined in org.example.configs.ConfigTest]
2025-01-03 19:59:33 [main] DEBUG o.s.b.f.s.DefaultListableBeanFactory - Overriding bean definition for bean 'trainingStorage' with a different definition: replacing [Root bean: class=null; scope=; abstract=false; lazyInit=null; autowireMode=3; dependencyCheck=0; autowireCandidate=true; primary=false; fallback=false; factoryBeanName=config; factoryMethodName=trainingStorage; initMethodNames=null; destroyMethodNames=[(inferred)]; defined in class path resource [org/example/configs/Config.class]] with [Root bean: class=null; scope=; abstract=false; lazyInit=null; autowireMode=3; dependencyCheck=0; autowireCandidate=true; primary=false; fallback=false; factoryBeanName=configTest; factoryMethodName=trainingStorage; initMethodNames=null; destroyMethodNames=[(inferred)]; defined in org.example.configs.ConfigTest]
2025-01-03 19:59:33 [main] DEBUG o.s.b.f.s.DefaultListableBeanFactory - Overriding bean definition for bean 'trainingStorage' with a different definition: replacing [Root bean: class=null; scope=; abstract=false; lazyInit=null; autowireMode=3; dependencyCheck=0; autowireCandidate=true; primary=false; fallback=false; factoryBeanName=config; factoryMethodName=trainingStorage; initMethodNames=null; destroyMethodNames=[(inferred)]; defined in class path resource [org/example/configs/Config.class]] with [Root bean: class=null; scope=; abstract=false; lazyInit=null; autowireMode=3; dependencyCheck=0; autowireCandidate=true; primary=false; fallback=false; factoryBeanName=configTest; factoryMethodName=trainingStorage; initMethodNames=null; destroyMethodNames=[(inferred)]; defined in org.example.configs.ConfigTest]
2025-01-03 19:59:33 [main] DEBUG o.s.b.f.s.DefaultListableBeanFactory - Overriding bean definition for bean 'traineesFilePath' with a different definition: replacing [Root bean: class=null; scope=; abstract=false; lazyInit=null; autowireMode=3; dependencyCheck=0; autowireCandidate=true; primary=false; fallback=false; factoryBeanName=config; factoryMethodName=traineesFilePath; initMethodNames=null; destroyMethodNames=[(inferred)]; defined in class path resource [org/example/configs/Config.class]] with [Root bean: class=null; scope=; abstract=false; lazyInit=null; autowireMode=3; dependencyCheck=0; autowireCandidate=true; primary=false; fallback=false; factoryBeanName=configTest; factoryMethodName=traineesFilePath; initMethodNames=null; destroyMethodNames=[(inferred)]; defined in org.example.configs.ConfigTest]
2025-01-03 19:59:33 [main] DEBUG o.s.b.f.s.DefaultListableBeanFactory - Overriding bean definition for bean 'traineesFilePath' with a different definition: replacing [Root bean: class=null; scope=; abstract=false; lazyInit=null; autowireMode=3; dependencyCheck=0; autowireCandidate=true; primary=false; fallback=false; factoryBeanName=config; factoryMethodName=traineesFilePath; initMethodNames=null; destroyMethodNames=[(inferred)]; defined in class path resource [org/example/configs/Config.class]] with [Root bean: class=null; scope=; abstract=false; lazyInit=null; autowireMode=3; dependencyCheck=0; autowireCandidate=true; primary=false; fallback=false; factoryBeanName=configTest; factoryMethodName=traineesFilePath; initMethodNames=null; destroyMethodNames=[(inferred)]; defined in org.example.configs.ConfigTest]
2025-01-03 19:59:33 [main] DEBUG o.s.b.f.s.DefaultListableBeanFactory - Overriding bean definition for bean 'trainersFilePath' with a different definition: replacing [Root bean: class=null; scope=; abstract=false; lazyInit=null; autowireMode=3; dependencyCheck=0; autowireCandidate=true; primary=false; fallback=false; factoryBeanName=config; factoryMethodName=trainersFilePath; initMethodNames=null; destroyMethodNames=[(inferred)]; defined in class path resource [org/example/configs/Config.class]] with [Root bean: class=null; scope=; abstract=false; lazyInit=null; autowireMode=3; dependencyCheck=0; autowireCandidate=true; primary=false; fallback=false; factoryBeanName=configTest; factoryMethodName=trainersFilePath; initMethodNames=null; destroyMethodNames=[(inferred)]; defined in org.example.configs.ConfigTest]
2025-01-03 19:59:33 [main] DEBUG o.s.b.f.s.DefaultListableBeanFactory - Overriding bean definition for bean 'trainersFilePath' with a different definition: replacing [Root bean: class=null; scope=; abstract=false; lazyInit=null; autowireMode=3; dependencyCheck=0; autowireCandidate=true; primary=false; fallback=false; factoryBeanName=config; factoryMethodName=trainersFilePath; initMethodNames=null; destroyMethodNames=[(inferred)]; defined in class path resource [org/example/configs/Config.class]] with [Root bean: class=null; scope=; abstract=false; lazyInit=null; autowireMode=3; dependencyCheck=0; autowireCandidate=true; primary=false; fallback=false; factoryBeanName=configTest; factoryMethodName=trainersFilePath; initMethodNames=null; destroyMethodNames=[(inferred)]; defined in org.example.configs.ConfigTest]
2025-01-03 19:59:33 [main] DEBUG o.s.b.f.s.DefaultListableBeanFactory - Overriding bean definition for bean 'trainingsFilePath' with a different definition: replacing [Root bean: class=null; scope=; abstract=false; lazyInit=null; autowireMode=3; dependencyCheck=0; autowireCandidate=true; primary=false; fallback=false; factoryBeanName=config; factoryMethodName=trainingsFilePath; initMethodNames=null; destroyMethodNames=[(inferred)]; defined in class path resource [org/example/configs/Config.class]] with [Root bean: class=null; scope=; abstract=false; lazyInit=null; autowireMode=3; dependencyCheck=0; autowireCandidate=true; primary=false; fallback=false; factoryBeanName=configTest; factoryMethodName=trainingsFilePath; initMethodNames=null; destroyMethodNames=[(inferred)]; defined in org.example.configs.ConfigTest]
2025-01-03 19:59:33 [main] DEBUG o.s.b.f.s.DefaultListableBeanFactory - Overriding bean definition for bean 'trainingsFilePath' with a different definition: replacing [Root bean: class=null; scope=; abstract=false; lazyInit=null; autowireMode=3; dependencyCheck=0; autowireCandidate=true; primary=false; fallback=false; factoryBeanName=config; factoryMethodName=trainingsFilePath; initMethodNames=null; destroyMethodNames=[(inferred)]; defined in class path resource [org/example/configs/Config.class]] with [Root bean: class=null; scope=; abstract=false; lazyInit=null; autowireMode=3; dependencyCheck=0; autowireCandidate=true; primary=false; fallback=false; factoryBeanName=configTest; factoryMethodName=trainingsFilePath; initMethodNames=null; destroyMethodNames=[(inferred)]; defined in org.example.configs.ConfigTest]
2025-01-03 19:59:33 [main] DEBUG o.s.b.f.s.DefaultListableBeanFactory - Creating shared instance of singleton bean 'org.springframework.context.event.internalEventListenerProcessor'
2025-01-03 19:59:33 [main] DEBUG o.s.b.f.s.DefaultListableBeanFactory - Creating shared instance of singleton bean 'org.springframework.context.event.internalEventListenerProcessor'
2025-01-03 19:59:33 [main] DEBUG o.s.b.f.s.DefaultListableBeanFactory - Creating shared instance of singleton bean 'org.springframework.context.event.internalEventListenerFactory'
2025-01-03 19:59:33 [main] DEBUG o.s.b.f.s.DefaultListableBeanFactory - Creating shared instance of singleton bean 'org.springframework.context.event.internalEventListenerFactory'
2025-01-03 19:59:33 [main] DEBUG o.s.b.f.s.DefaultListableBeanFactory - Creating shared instance of singleton bean 'org.springframework.context.annotation.internalAutowiredAnnotationProcessor'
2025-01-03 19:59:33 [main] DEBUG o.s.b.f.s.DefaultListableBeanFactory - Creating shared instance of singleton bean 'org.springframework.context.annotation.internalAutowiredAnnotationProcessor'
2025-01-03 19:59:33 [main] DEBUG o.s.b.f.s.DefaultListableBeanFactory - Creating shared instance of singleton bean 'org.springframework.context.annotation.internalCommonAnnotationProcessor'
2025-01-03 19:59:33 [main] DEBUG o.s.b.f.s.DefaultListableBeanFactory - Creating shared instance of singleton bean 'org.springframework.context.annotation.internalCommonAnnotationProcessor'
2025-01-03 19:59:33 [main] DEBUG o.s.b.f.s.DefaultListableBeanFactory - Creating shared instance of singleton bean 'configTest'
2025-01-03 19:59:33 [main] DEBUG o.s.b.f.s.DefaultListableBeanFactory - Creating shared instance of singleton bean 'configTest'
2025-01-03 19:59:33 [main] DEBUG o.s.b.f.s.DefaultListableBeanFactory - Creating shared instance of singleton bean 'config'
2025-01-03 19:59:33 [main] DEBUG o.s.b.f.s.DefaultListableBeanFactory - Creating shared instance of singleton bean 'config'
2025-01-03 19:59:33 [main] DEBUG o.s.b.f.s.DefaultListableBeanFactory - Creating shared instance of singleton bean 'logConfig'
2025-01-03 19:59:33 [main] DEBUG o.s.b.f.s.DefaultListableBeanFactory - Creating shared instance of singleton bean 'logConfig'
2025-01-03 19:59:33 [main] DEBUG o.s.c.e.PropertySourcesPropertyResolver - Found key 'logs.file.path' in PropertySource 'class path resource [application.properties]' with value of type String
2025-01-03 19:59:33 [main] DEBUG o.s.c.e.PropertySourcesPropertyResolver - Found key 'logs.file.path' in PropertySource 'class path resource [application.properties]' with value of type String
2025-01-03 19:59:33 [main] DEBUG o.s.b.f.s.DefaultListableBeanFactory - Creating shared instance of singleton bean 'traineeLoader'
2025-01-03 19:59:33 [main] DEBUG o.s.b.f.s.DefaultListableBeanFactory - Creating shared instance of singleton bean 'traineeLoader'
2025-01-03 19:59:33 [main] DEBUG o.s.b.f.s.DefaultListableBeanFactory - Creating shared instance of singleton bean 'traineesFilePath'
2025-01-03 19:59:33 [main] DEBUG o.s.b.f.s.DefaultListableBeanFactory - Creating shared instance of singleton bean 'traineesFilePath'
2025-01-03 19:59:33 [main] DEBUG o.s.c.e.PropertySourcesPropertyResolver - Found key 'traineesTest.file.path' in PropertySource 'class path resource [applicationTest.properties]' with value of type String
2025-01-03 19:59:33 [main] DEBUG o.s.c.e.PropertySourcesPropertyResolver - Found key 'traineesTest.file.path' in PropertySource 'class path resource [applicationTest.properties]' with value of type String
2025-01-03 19:59:33 [main] DEBUG o.s.b.f.s.DefaultListableBeanFactory - Creating shared instance of singleton bean 'traineeStorage'
2025-01-03 19:59:33 [main] DEBUG o.s.b.f.s.DefaultListableBeanFactory - Creating shared instance of singleton bean 'traineeStorage'
2025-01-03 19:59:33 [main] DEBUG o.s.b.f.s.DefaultListableBeanFactory - Autowiring by type from bean name 'traineeLoader' via constructor to bean named 'traineesFilePath'
2025-01-03 19:59:33 [main] DEBUG o.s.b.f.s.DefaultListableBeanFactory - Autowiring by type from bean name 'traineeLoader' via constructor to bean named 'traineesFilePath'
2025-01-03 19:59:33 [main] DEBUG o.s.b.f.s.DefaultListableBeanFactory - Autowiring by type from bean name 'traineeLoader' via constructor to bean named 'traineeStorage'
2025-01-03 19:59:33 [main] DEBUG o.s.b.f.s.DefaultListableBeanFactory - Autowiring by type from bean name 'traineeLoader' via constructor to bean named 'traineeStorage'
2025-01-03 19:59:33 [main] INFO  org.example.loaders.TraineeLoader - TraineeLoader initialized with file src/main/resources/storages/traineesTest.json
2025-01-03 19:59:33 [main] INFO  org.example.loaders.TraineeLoader - TraineeLoader initialized with file src/main/resources/storages/traineesTest.json
2025-01-03 19:59:33 [main] INFO  org.example.loaders.TraineeLoader - TraineeLoader: PostConstruct initialization started . . .
2025-01-03 19:59:33 [main] INFO  org.example.loaders.TraineeLoader - TraineeLoader: PostConstruct initialization started . . .
2025-01-03 19:59:33 [main] INFO  org.example.loaders.TraineeLoader - TraineeLoader: PostConstruct initialization completed
2025-01-03 19:59:33 [main] INFO  org.example.loaders.TraineeLoader - TraineeLoader: PostConstruct initialization completed
2025-01-03 19:59:33 [main] DEBUG o.s.b.f.s.DefaultListableBeanFactory - Creating shared instance of singleton bean 'trainerLoader'
2025-01-03 19:59:33 [main] DEBUG o.s.b.f.s.DefaultListableBeanFactory - Creating shared instance of singleton bean 'trainerLoader'
2025-01-03 19:59:33 [main] DEBUG o.s.b.f.s.DefaultListableBeanFactory - Creating shared instance of singleton bean 'trainersFilePath'
2025-01-03 19:59:33 [main] DEBUG o.s.b.f.s.DefaultListableBeanFactory - Creating shared instance of singleton bean 'trainersFilePath'
2025-01-03 19:59:33 [main] DEBUG o.s.c.e.PropertySourcesPropertyResolver - Found key 'trainersTest.file.path' in PropertySource 'class path resource [applicationTest.properties]' with value of type String
2025-01-03 19:59:33 [main] DEBUG o.s.c.e.PropertySourcesPropertyResolver - Found key 'trainersTest.file.path' in PropertySource 'class path resource [applicationTest.properties]' with value of type String
2025-01-03 19:59:33 [main] DEBUG o.s.b.f.s.DefaultListableBeanFactory - Creating shared instance of singleton bean 'trainerStorage'
2025-01-03 19:59:33 [main] DEBUG o.s.b.f.s.DefaultListableBeanFactory - Creating shared instance of singleton bean 'trainerStorage'
2025-01-03 19:59:33 [main] DEBUG o.s.b.f.s.DefaultListableBeanFactory - Autowiring by type from bean name 'trainerLoader' via constructor to bean named 'trainersFilePath'
2025-01-03 19:59:33 [main] DEBUG o.s.b.f.s.DefaultListableBeanFactory - Autowiring by type from bean name 'trainerLoader' via constructor to bean named 'trainersFilePath'
2025-01-03 19:59:33 [main] DEBUG o.s.b.f.s.DefaultListableBeanFactory - Autowiring by type from bean name 'trainerLoader' via constructor to bean named 'trainerStorage'
2025-01-03 19:59:33 [main] DEBUG o.s.b.f.s.DefaultListableBeanFactory - Autowiring by type from bean name 'trainerLoader' via constructor to bean named 'trainerStorage'
2025-01-03 19:59:33 [main] INFO  org.example.loaders.TrainerLoader - TrainerLoader initialized with file src/main/resources/storages/trainersTest.json
2025-01-03 19:59:33 [main] INFO  org.example.loaders.TrainerLoader - TrainerLoader initialized with file src/main/resources/storages/trainersTest.json
2025-01-03 19:59:33 [main] INFO  org.example.loaders.TrainerLoader - TrainerLoader: PostConstruct initialization started...
2025-01-03 19:59:33 [main] INFO  org.example.loaders.TrainerLoader - TrainerLoader: PostConstruct initialization started...
2025-01-03 19:59:33 [main] INFO  org.example.loaders.TrainerLoader - TrainerLoader: Loading data from file src/main/resources/storages/trainersTest.json
2025-01-03 19:59:33 [main] INFO  org.example.loaders.TrainerLoader - TrainerLoader: Loading data from file src/main/resources/storages/trainersTest.json
2025-01-03 19:59:33 [main] INFO  org.example.loaders.TrainerLoader - TrainerLoader: Data loaded successfully from file src/main/resources/storages/trainersTest.json
2025-01-03 19:59:33 [main] INFO  org.example.loaders.TrainerLoader - TrainerLoader: Data loaded successfully from file src/main/resources/storages/trainersTest.json
2025-01-03 19:59:33 [main] INFO  org.example.loaders.TrainerLoader - TrainerLoader: PostConstruct initialization completed
2025-01-03 19:59:33 [main] INFO  org.example.loaders.TrainerLoader - TrainerLoader: PostConstruct initialization completed
2025-01-03 19:59:33 [main] DEBUG o.s.b.f.s.DefaultListableBeanFactory - Creating shared instance of singleton bean 'trainingLoader'
2025-01-03 19:59:33 [main] DEBUG o.s.b.f.s.DefaultListableBeanFactory - Creating shared instance of singleton bean 'trainingLoader'
2025-01-03 19:59:33 [main] DEBUG o.s.b.f.s.DefaultListableBeanFactory - Creating shared instance of singleton bean 'trainingsFilePath'
2025-01-03 19:59:33 [main] DEBUG o.s.b.f.s.DefaultListableBeanFactory - Creating shared instance of singleton bean 'trainingsFilePath'
2025-01-03 19:59:33 [main] DEBUG o.s.c.e.PropertySourcesPropertyResolver - Found key 'trainingsTest.file.path' in PropertySource 'class path resource [applicationTest.properties]' with value of type String
2025-01-03 19:59:33 [main] DEBUG o.s.c.e.PropertySourcesPropertyResolver - Found key 'trainingsTest.file.path' in PropertySource 'class path resource [applicationTest.properties]' with value of type String
2025-01-03 19:59:33 [main] DEBUG o.s.b.f.s.DefaultListableBeanFactory - Creating shared instance of singleton bean 'trainingStorage'
2025-01-03 19:59:33 [main] DEBUG o.s.b.f.s.DefaultListableBeanFactory - Creating shared instance of singleton bean 'trainingStorage'
2025-01-03 19:59:33 [main] DEBUG o.s.b.f.s.DefaultListableBeanFactory - Autowiring by type from bean name 'trainingLoader' via constructor to bean named 'trainingsFilePath'
2025-01-03 19:59:33 [main] DEBUG o.s.b.f.s.DefaultListableBeanFactory - Autowiring by type from bean name 'trainingLoader' via constructor to bean named 'trainingsFilePath'
2025-01-03 19:59:33 [main] DEBUG o.s.b.f.s.DefaultListableBeanFactory - Autowiring by type from bean name 'trainingLoader' via constructor to bean named 'trainingStorage'
2025-01-03 19:59:33 [main] DEBUG o.s.b.f.s.DefaultListableBeanFactory - Autowiring by type from bean name 'trainingLoader' via constructor to bean named 'trainingStorage'
2025-01-03 19:59:33 [main] INFO  org.example.loaders.TrainingLoader - TrainingLoader initialized with file src/main/resources/storages/trainingsTest.json
2025-01-03 19:59:33 [main] INFO  org.example.loaders.TrainingLoader - TrainingLoader initialized with file src/main/resources/storages/trainingsTest.json
2025-01-03 19:59:33 [main] INFO  org.example.loaders.TrainingLoader - TrainingLoader: PostConstruct initialization started . . .
2025-01-03 19:59:33 [main] INFO  org.example.loaders.TrainingLoader - TrainingLoader: PostConstruct initialization started . . .
2025-01-03 19:59:33 [main] INFO  org.example.loaders.TrainingLoader - TrainingLoader: Loading data from file src/main/resources/storages/trainingsTest.json
2025-01-03 19:59:33 [main] INFO  org.example.loaders.TrainingLoader - TrainingLoader: Loading data from file src/main/resources/storages/trainingsTest.json
2025-01-03 19:59:33 [main] INFO  org.example.loaders.TrainingLoader - TrainingLoader: Data loaded successfully
2025-01-03 19:59:33 [main] INFO  org.example.loaders.TrainingLoader - TrainingLoader: Data loaded successfully
2025-01-03 19:59:33 [main] INFO  org.example.loaders.TrainingLoader - TrainingLoader: PostConstruct initialization completed
2025-01-03 19:59:33 [main] INFO  org.example.loaders.TrainingLoader - TrainingLoader: PostConstruct initialization completed
2025-01-03 19:59:33 [main] DEBUG o.s.b.f.s.DefaultListableBeanFactory - Creating shared instance of singleton bean 'traineeDAOImpl'
2025-01-03 19:59:33 [main] DEBUG o.s.b.f.s.DefaultListableBeanFactory - Creating shared instance of singleton bean 'traineeDAOImpl'
2025-01-03 19:59:33 [main] DEBUG o.s.b.f.s.DefaultListableBeanFactory - Autowiring by type from bean name 'traineeDAOImpl' via constructor to bean named 'traineeStorage'
2025-01-03 19:59:33 [main] DEBUG o.s.b.f.s.DefaultListableBeanFactory - Autowiring by type from bean name 'traineeDAOImpl' via constructor to bean named 'traineeStorage'
2025-01-03 19:59:33 [main] INFO  o.e.repositories.TraineeDAOImpl - TraineeDAOImpl initialized
2025-01-03 19:59:33 [main] INFO  o.e.repositories.TraineeDAOImpl - TraineeDAOImpl initialized
2025-01-03 19:59:33 [main] DEBUG o.s.b.f.s.DefaultListableBeanFactory - Creating shared instance of singleton bean 'trainerDAOImpl'
2025-01-03 19:59:33 [main] DEBUG o.s.b.f.s.DefaultListableBeanFactory - Creating shared instance of singleton bean 'trainerDAOImpl'
2025-01-03 19:59:33 [main] DEBUG o.s.b.f.s.DefaultListableBeanFactory - Autowiring by type from bean name 'trainerDAOImpl' via constructor to bean named 'trainerStorage'
2025-01-03 19:59:33 [main] DEBUG o.s.b.f.s.DefaultListableBeanFactory - Autowiring by type from bean name 'trainerDAOImpl' via constructor to bean named 'trainerStorage'
2025-01-03 19:59:33 [main] INFO  o.e.repositories.TrainerDAOImpl - TrainerDAOImpl initialized
2025-01-03 19:59:33 [main] INFO  o.e.repositories.TrainerDAOImpl - TrainerDAOImpl initialized
2025-01-03 19:59:33 [main] DEBUG o.s.b.f.s.DefaultListableBeanFactory - Creating shared instance of singleton bean 'trainingDAOImpl'
2025-01-03 19:59:33 [main] DEBUG o.s.b.f.s.DefaultListableBeanFactory - Creating shared instance of singleton bean 'trainingDAOImpl'
2025-01-03 19:59:33 [main] DEBUG o.s.b.f.s.DefaultListableBeanFactory - Autowiring by type from bean name 'trainingDAOImpl' via constructor to bean named 'trainingStorage'
2025-01-03 19:59:33 [main] DEBUG o.s.b.f.s.DefaultListableBeanFactory - Autowiring by type from bean name 'trainingDAOImpl' via constructor to bean named 'trainingStorage'
2025-01-03 19:59:33 [main] INFO  o.e.repositories.TrainingDAOImpl - TrainingDAOImpl initialized
2025-01-03 19:59:33 [main] INFO  o.e.repositories.TrainingDAOImpl - TrainingDAOImpl initialized
2025-01-03 19:59:33 [main] DEBUG o.s.b.f.s.DefaultListableBeanFactory - Creating shared instance of singleton bean 'traineeServiceImpl'
2025-01-03 19:59:33 [main] DEBUG o.s.b.f.s.DefaultListableBeanFactory - Creating shared instance of singleton bean 'traineeServiceImpl'
2025-01-03 19:59:33 [main] DEBUG o.s.b.f.s.DefaultListableBeanFactory - Autowiring by type from bean name 'traineeServiceImpl' via constructor to bean named 'traineeDAOImpl'
2025-01-03 19:59:33 [main] DEBUG o.s.b.f.s.DefaultListableBeanFactory - Autowiring by type from bean name 'traineeServiceImpl' via constructor to bean named 'traineeDAOImpl'
2025-01-03 19:59:33 [main] INFO  o.e.services.TraineeServiceImpl - TraineeServiceImpl initialized
2025-01-03 19:59:33 [main] INFO  o.e.services.TraineeServiceImpl - TraineeServiceImpl initialized
2025-01-03 19:59:33 [main] DEBUG o.s.b.f.s.DefaultListableBeanFactory - Creating shared instance of singleton bean 'trainerServiceImpl'
2025-01-03 19:59:33 [main] DEBUG o.s.b.f.s.DefaultListableBeanFactory - Creating shared instance of singleton bean 'trainerServiceImpl'
2025-01-03 19:59:33 [main] DEBUG o.s.b.f.s.DefaultListableBeanFactory - Autowiring by type from bean name 'trainerServiceImpl' via constructor to bean named 'trainerDAOImpl'
2025-01-03 19:59:33 [main] DEBUG o.s.b.f.s.DefaultListableBeanFactory - Autowiring by type from bean name 'trainerServiceImpl' via constructor to bean named 'trainerDAOImpl'
2025-01-03 19:59:33 [main] INFO  o.e.services.TrainerServiceImpl - TrainerServiceImpl initialized
2025-01-03 19:59:33 [main] INFO  o.e.services.TrainerServiceImpl - TrainerServiceImpl initialized
2025-01-03 19:59:33 [main] DEBUG o.s.b.f.s.DefaultListableBeanFactory - Creating shared instance of singleton bean 'trainingServiceImpl'
2025-01-03 19:59:33 [main] DEBUG o.s.b.f.s.DefaultListableBeanFactory - Creating shared instance of singleton bean 'trainingServiceImpl'
2025-01-03 19:59:33 [main] DEBUG o.s.b.f.s.DefaultListableBeanFactory - Autowiring by type from bean name 'trainingServiceImpl' via constructor to bean named 'trainingDAOImpl'
2025-01-03 19:59:33 [main] DEBUG o.s.b.f.s.DefaultListableBeanFactory - Autowiring by type from bean name 'trainingServiceImpl' via constructor to bean named 'trainingDAOImpl'
2025-01-03 19:59:33 [main] INFO  o.e.services.TrainingServiceImpl - TrainingServiceImpl initialized
2025-01-03 19:59:33 [main] INFO  o.e.services.TrainingServiceImpl - TrainingServiceImpl initialized
2025-01-03 19:59:33 [main] DEBUG o.s.b.f.s.DefaultListableBeanFactory - Creating shared instance of singleton bean 'rootLogger'
2025-01-03 19:59:33 [main] DEBUG o.s.b.f.s.DefaultListableBeanFactory - Creating shared instance of singleton bean 'rootLogger'
2025-01-03 19:59:33 [main] INFO  org.example.loaders.TraineeLoader - TraineeLoader: Clearing data in memory and file src/main/resources/storages/traineesTest.json
2025-01-03 19:59:33 [main] INFO  org.example.loaders.TraineeLoader - TraineeLoader: Clearing data in memory and file src/main/resources/storages/traineesTest.json
2025-01-03 19:59:33 [main] INFO  org.example.loaders.TraineeLoader - TraineeLoader: Clearing data in memory and file src/main/resources/storages/traineesTest.json
2025-01-03 19:59:33 [main] INFO  org.example.loaders.TraineeLoader - TraineeLoader: Data cleared successfully
2025-01-03 19:59:33 [main] INFO  org.example.loaders.TraineeLoader - TraineeLoader: Data cleared successfully
2025-01-03 19:59:33 [main] INFO  org.example.loaders.TraineeLoader - TraineeLoader: Data cleared successfully
2025-01-03 19:59:33 [main] DEBUG o.s.c.a.AnnotationConfigApplicationContext - Closing org.springframework.context.annotation.AnnotationConfigApplicationContext@3cad68df, started on Fri Jan 03 19:59:33 EET 2025
2025-01-03 19:59:33 [main] DEBUG o.s.c.a.AnnotationConfigApplicationContext - Closing org.springframework.context.annotation.AnnotationConfigApplicationContext@3cad68df, started on Fri Jan 03 19:59:33 EET 2025
2025-01-03 19:59:33 [main] DEBUG o.s.c.a.AnnotationConfigApplicationContext - Closing org.springframework.context.annotation.AnnotationConfigApplicationContext@3cad68df, started on Fri Jan 03 19:59:33 EET 2025
2025-01-03 19:59:33 [main] INFO  org.example.loaders.TrainingLoader - TrainingLoader: PreDestroy method started . . .
2025-01-03 19:59:33 [main] INFO  org.example.loaders.TrainingLoader - TrainingLoader: PreDestroy method started . . .
2025-01-03 19:59:33 [main] INFO  org.example.loaders.TrainingLoader - TrainingLoader: PreDestroy method started . . .
2025-01-03 19:59:33 [main] INFO  org.example.loaders.TrainingLoader - TrainingLoader: Data successfully saved to file src/main/resources/storages/trainingsTest.json
2025-01-03 19:59:33 [main] INFO  org.example.loaders.TrainingLoader - TrainingLoader: Data successfully saved to file src/main/resources/storages/trainingsTest.json
2025-01-03 19:59:33 [main] INFO  org.example.loaders.TrainingLoader - TrainingLoader: Data successfully saved to file src/main/resources/storages/trainingsTest.json
2025-01-03 19:59:33 [main] INFO  org.example.loaders.TrainerLoader - TrainerLoader: PreDestroy method started...
2025-01-03 19:59:33 [main] INFO  org.example.loaders.TrainerLoader - TrainerLoader: PreDestroy method started...
2025-01-03 19:59:33 [main] INFO  org.example.loaders.TrainerLoader - TrainerLoader: PreDestroy method started...
2025-01-03 19:59:33 [main] INFO  org.example.loaders.TrainerLoader - TrainerLoader: Data successfully saved to file src/main/resources/storages/trainersTest.json
2025-01-03 19:59:33 [main] INFO  org.example.loaders.TrainerLoader - TrainerLoader: Data successfully saved to file src/main/resources/storages/trainersTest.json
2025-01-03 19:59:33 [main] INFO  org.example.loaders.TrainerLoader - TrainerLoader: Data successfully saved to file src/main/resources/storages/trainersTest.json
2025-01-03 19:59:33 [main] INFO  org.example.loaders.TraineeLoader - TraineeLoader: PreDestroy method started . . .
2025-01-03 19:59:33 [main] INFO  org.example.loaders.TraineeLoader - TraineeLoader: PreDestroy method started . . .
2025-01-03 19:59:33 [main] INFO  org.example.loaders.TraineeLoader - TraineeLoader: PreDestroy method started . . .
2025-01-03 19:59:33 [main] INFO  org.example.loaders.TraineeLoader - TraineeLoader: Data successfully saved to file src/main/resources/storages/traineesTest.json
2025-01-03 19:59:33 [main] INFO  org.example.loaders.TraineeLoader - TraineeLoader: Data successfully saved to file src/main/resources/storages/traineesTest.json
2025-01-03 19:59:33 [main] INFO  org.example.loaders.TraineeLoader - TraineeLoader: Data successfully saved to file src/main/resources/storages/traineesTest.json
2025-01-03 19:59:33 [main] INFO  o.e.services.TraineeServiceImpl - TraineeServiceImpl initialized
2025-01-03 19:59:33 [main] INFO  o.e.services.TraineeServiceImpl - TraineeServiceImpl initialized
2025-01-03 19:59:33 [main] INFO  o.e.services.TraineeServiceImpl - TraineeServiceImpl initialized
2025-01-03 19:59:33 [main] INFO  o.e.services.TraineeServiceImpl - Request to add trainee: username1
2025-01-03 19:59:33 [main] INFO  o.e.services.TraineeServiceImpl - Request to add trainee: username1
2025-01-03 19:59:33 [main] INFO  o.e.services.TraineeServiceImpl - Request to add trainee: username1
2025-01-03 19:59:33 [main] INFO  o.e.services.TraineeServiceImpl - Service completed action successfully
2025-01-03 19:59:33 [main] INFO  o.e.services.TraineeServiceImpl - Service completed action successfully
2025-01-03 19:59:33 [main] INFO  o.e.services.TraineeServiceImpl - Service completed action successfully
2025-01-03 19:59:33 [main] INFO  o.e.services.TraineeServiceImpl - Request to update trainee with ID: 1
2025-01-03 19:59:33 [main] INFO  o.e.services.TraineeServiceImpl - Request to update trainee with ID: 1
2025-01-03 19:59:33 [main] INFO  o.e.services.TraineeServiceImpl - Request to update trainee with ID: 1
2025-01-03 19:59:33 [main] INFO  o.e.services.TraineeServiceImpl - Service completed action successfully
2025-01-03 19:59:33 [main] INFO  o.e.services.TraineeServiceImpl - Service completed action successfully
2025-01-03 19:59:33 [main] INFO  o.e.services.TraineeServiceImpl - Service completed action successfully
2025-01-03 19:59:33 [main] INFO  o.e.services.TraineeServiceImpl - Request to find trainee by ID: 1
2025-01-03 19:59:33 [main] INFO  o.e.services.TraineeServiceImpl - Request to find trainee by ID: 1
2025-01-03 19:59:33 [main] INFO  o.e.services.TraineeServiceImpl - Request to find trainee by ID: 1
2025-01-03 19:59:33 [main] INFO  o.e.services.TraineeServiceImpl - Service completed action successfully
2025-01-03 19:59:33 [main] INFO  o.e.services.TraineeServiceImpl - Service completed action successfully
2025-01-03 19:59:33 [main] INFO  o.e.services.TraineeServiceImpl - Service completed action successfully
2025-01-03 20:35:26 [main] DEBUG o.s.c.a.AnnotationConfigApplicationContext - Closing org.springframework.context.annotation.AnnotationConfigApplicationContext@2752f6e2, started on Fri Jan 03 20:34:27 EET 2025
2025-01-03 20:35:26 [main] INFO  org.example.loaders.TrainingLoader - TrainingLoader: PreDestroy method started . . .
2025-01-03 20:35:26 [main] INFO  org.example.loaders.TrainingLoader - TrainingLoader: Data successfully saved to file src/main/resources/storages/trainings.json
2025-01-03 20:35:26 [main] INFO  org.example.loaders.TrainerLoader - TrainerLoader: PreDestroy method started...
2025-01-03 20:35:26 [main] INFO  org.example.loaders.TrainerLoader - TrainerLoader: Data successfully saved to file src/main/resources/storages/trainers.json
2025-01-03 20:35:26 [main] INFO  org.example.loaders.TraineeLoader - TraineeLoader: PreDestroy method started . . .
2025-01-03 20:35:26 [main] INFO  org.example.loaders.TraineeLoader - TraineeLoader: Data successfully saved to file src/main/resources/storages/trainees.json
2025-01-03 20:42:16 [main] INFO  o.e.services.TrainerServiceImpl - Request to find all trainers
2025-01-03 20:42:16 [main] INFO  o.e.repositories.TrainerDAOImpl - Retrieving all trainers
2025-01-03 20:42:16 [main] INFO  o.e.services.TrainerServiceImpl - Service completed action successfully
2025-01-03 20:42:41 [main] INFO  o.e.services.TrainerServiceImpl - Request to find all trainers
2025-01-03 20:42:41 [main] INFO  o.e.repositories.TrainerDAOImpl - Retrieving all trainers
2025-01-03 20:42:41 [main] INFO  o.e.services.TrainerServiceImpl - Service completed action successfully
2025-01-03 20:42:49 [main] INFO  o.e.services.TrainerServiceImpl - Request to find all trainers
2025-01-03 20:42:49 [main] INFO  o.e.repositories.TrainerDAOImpl - Retrieving all trainers
2025-01-03 20:42:49 [main] INFO  o.e.services.TrainerServiceImpl - Service completed action successfully
2025-01-03 20:44:18 [main] INFO  o.e.services.TrainerServiceImpl - Request to find all trainers
2025-01-03 20:44:18 [main] INFO  o.e.repositories.TrainerDAOImpl - Retrieving all trainers
2025-01-03 20:44:18 [main] INFO  o.e.services.TrainerServiceImpl - Service completed action successfully
2025-01-03 21:04:03 [main] INFO  o.e.services.TraineeServiceImpl - Request to find trainee by ID: 1
2025-01-03 21:04:03 [main] INFO  o.e.repositories.TraineeDAOImpl - Found trainee with id 1: Trainee(dateOfBirth=1995-05-15, address=123 Main St, userId=1)
2025-01-03 21:04:03 [main] INFO  o.e.services.TraineeServiceImpl - Service completed action successfully
2025-01-03 21:04:53 [main] INFO  o.e.services.TraineeServiceImpl - Request to find trainee by ID: 1
2025-01-03 21:04:53 [main] INFO  o.e.repositories.TraineeDAOImpl - Found trainee with id 1: Trainee(super=User(firstName=John, lastName=Doe, username=johndoe, password=password123, isActive=true), dateOfBirth=1995-05-15, address=123 Main St, userId=1)
2025-01-03 21:04:53 [main] INFO  o.e.services.TraineeServiceImpl - Service completed action successfully
2025-01-03 21:09:02 [main] INFO  o.e.services.TraineeServiceImpl - Request to find all trainees
2025-01-03 21:09:02 [main] INFO  o.e.repositories.TraineeDAOImpl - Retrieving all trainees
2025-01-03 21:09:02 [main] INFO  o.e.services.TraineeServiceImpl - Service completed action successfully
